# JRE version: OpenJDK Runtime Environment Temurin-21.0.8+9 (21.0.8+9) (build 21.0.8+9-LTS)
# Java VM: OpenJDK 64-Bit Server VM Temurin-21.0.8+9 (21.0.8+9-LTS, mixed mode, sharing, tiered, compressed oops, compressed class ptrs, parallel gc, windows-amd64)
GC Precious Log:
 CardTable entry size: 512
 CPUs: 8 total, 8 available
 Memory: 7834M
 Large Page Support: Disabled
 NUMA Support: Disabled
 Compressed Oops: Enabled (32-bit)
 Alignments: Space 512K, Generation 512K, Heap 2M
 Heap Min Capacity: 100M
 Heap Initial Capacity: 100M
 Heap Max Capacity: 2G
 Pre-touch: Disabled
 Parallel Workers: 8
Heap:
 PSYoungGen      total 7680K, used 5368K [0x00000000d5580000, 0x00000000d6280000, 0x0000000100000000)
  eden space 6144K, 62% used [0x00000000d5580000,0x00000000d5941d78,0x00000000d5b80000)
  from space 1536K, 99% used [0x00000000d5b80000,0x00000000d5cfc310,0x00000000d5d00000)
  to   space 3584K, 0% used [0x00000000d5f00000,0x00000000d5f00000,0x00000000d6280000)
 ParOldGen       total 442880K, used 442499K [0x0000000080000000, 0x000000009b080000, 0x00000000d5580000)
  object space 442880K, 99% used [0x0000000080000000,0x000000009b020c88,0x000000009b080000)
 Metaspace       used 81921K, committed 83904K, reserved 1179648K
  class space    used 8022K, committed 9024K, reserved 1048576K
GC Heap History (20 events):
Event: 174065.455 GC heap before
{Heap before GC invocations=4073 (full 8):
 PSYoungGen      total 8704K, used 8344K [0x00000000d5580000, 0x00000000d6200000, 0x0000000100000000)
  eden space 4608K, 100% used [0x00000000d5580000,0x00000000d5a00000,0x00000000d5a00000)
  from space 4096K, 91% used [0x00000000d5b00000,0x00000000d5ea6280,0x00000000d5f00000)
  to   space 3072K, 0% used [0x00000000d5f00000,0x00000000d5f00000,0x00000000d6200000)
 ParOldGen       total 432640K, used 432212K [0x0000000080000000, 0x000000009a680000, 0x00000000d5580000)
  object space 432640K, 99% used [0x0000000080000000,0x000000009a6151e0,0x000000009a680000)
 Metaspace       used 81909K, committed 83904K, reserved 1179648K
  class space    used 8022K, committed 9024K, reserved 1048576K
}
Event: 174065.460 GC heap after
{Heap after GC invocations=4073 (full 8):
 PSYoungGen      total 7168K, used 1488K [0x00000000d5580000, 0x00000000d6080000, 0x0000000100000000)
  eden space 5632K, 0% used [0x00000000d5580000,0x00000000d5580000,0x00000000d5b00000)
  from space 1536K, 96% used [0x00000000d5f00000,0x00000000d6074010,0x00000000d6080000)
  to   space 2560K, 0% used [0x00000000d5b80000,0x00000000d5b80000,0x00000000d5e00000)
 ParOldGen       total 436224K, used 435793K [0x0000000080000000, 0x000000009aa00000, 0x00000000d5580000)
  object space 436224K, 99% used [0x0000000080000000,0x000000009a9944f0,0x000000009aa00000)
 Metaspace       used 81909K, committed 83904K, reserved 1179648K
  class space    used 8022K, committed 9024K, reserved 1048576K
}
Event: 174065.471 GC heap before
{Heap before GC invocations=4074 (full 8):
 PSYoungGen      total 7168K, used 7120K [0x00000000d5580000, 0x00000000d6080000, 0x0000000100000000)
  eden space 5632K, 100% used [0x00000000d5580000,0x00000000d5b00000,0x00000000d5b00000)
  from space 1536K, 96% used [0x00000000d5f00000,0x00000000d6074010,0x00000000d6080000)
  to   space 2560K, 0% used [0x00000000d5b80000,0x00000000d5b80000,0x00000000d5e00000)
 ParOldGen       total 436224K, used 435793K [0x0000000080000000, 0x000000009aa00000, 0x00000000d5580000)
  object space 436224K, 99% used [0x0000000080000000,0x000000009a9944f0,0x000000009aa00000)
 Metaspace       used 81916K, committed 83904K, reserved 1179648K
  class space    used 8022K, committed 9024K, reserved 1048576K
}
Event: 174065.472 GC heap after
{Heap after GC invocations=4074 (full 8):
 PSYoungGen      total 8704K, used 608K [0x00000000d5580000, 0x00000000d5f80000, 0x0000000100000000)
  eden space 6144K, 0% used [0x00000000d5580000,0x00000000d5580000,0x00000000d5b80000)
  from space 2560K, 23% used [0x00000000d5b80000,0x00000000d5c18000,0x00000000d5e00000)
  to   space 1536K, 0% used [0x00000000d5e00000,0x00000000d5e00000,0x00000000d5f80000)
 ParOldGen       total 437248K, used 437145K [0x0000000080000000, 0x000000009ab00000, 0x00000000d5580000)
  object space 437248K, 99% used [0x0000000080000000,0x000000009aae6530,0x000000009ab00000)
 Metaspace       used 81916K, committed 83904K, reserved 1179648K
  class space    used 8022K, committed 9024K, reserved 1048576K
}
Event: 174065.521 GC heap before
{Heap before GC invocations=4075 (full 8):
 PSYoungGen      total 8704K, used 6752K [0x00000000d5580000, 0x00000000d5f80000, 0x0000000100000000)
  eden space 6144K, 100% used [0x00000000d5580000,0x00000000d5b80000,0x00000000d5b80000)
  from space 2560K, 23% used [0x00000000d5b80000,0x00000000d5c18000,0x00000000d5e00000)
  to   space 1536K, 0% used [0x00000000d5e00000,0x00000000d5e00000,0x00000000d5f80000)
 ParOldGen       total 437248K, used 437145K [0x0000000080000000, 0x000000009ab00000, 0x00000000d5580000)
  object space 437248K, 99% used [0x0000000080000000,0x000000009aae6530,0x000000009ab00000)
 Metaspace       used 81918K, committed 83904K, reserved 1179648K
  class space    used 8022K, committed 9024K, reserved 1048576K
}
Event: 174065.524 GC heap after
{Heap after GC invocations=4075 (full 8):
 PSYoungGen      total 7168K, used 608K [0x00000000d5580000, 0x00000000d5f00000, 0x0000000100000000)
  eden space 6144K, 0% used [0x00000000d5580000,0x00000000d5580000,0x00000000d5b80000)
  from space 1024K, 59% used [0x00000000d5e00000,0x00000000d5e98000,0x00000000d5f00000)
  to   space 1024K, 0% used [0x00000000d5d00000,0x00000000d5d00000,0x00000000d5e00000)
 ParOldGen       total 437760K, used 437601K [0x0000000080000000, 0x000000009ab80000, 0x00000000d5580000)
  object space 437760K, 99% used [0x0000000080000000,0x000000009ab58590,0x000000009ab80000)
 Metaspace       used 81918K, committed 83904K, reserved 1179648K
  class space    used 8022K, committed 9024K, reserved 1048576K
}
Event: 174065.543 GC heap before
{Heap before GC invocations=4076 (full 8):
 PSYoungGen      total 7168K, used 6752K [0x00000000d5580000, 0x00000000d5f00000, 0x0000000100000000)
  eden space 6144K, 100% used [0x00000000d5580000,0x00000000d5b80000,0x00000000d5b80000)
  from space 1024K, 59% used [0x00000000d5e00000,0x00000000d5e98000,0x00000000d5f00000)
  to   space 1024K, 0% used [0x00000000d5d00000,0x00000000d5d00000,0x00000000d5e00000)
 ParOldGen       total 437760K, used 437601K [0x0000000080000000, 0x000000009ab80000, 0x00000000d5580000)
  object space 437760K, 99% used [0x0000000080000000,0x000000009ab58590,0x000000009ab80000)
 Metaspace       used 81921K, committed 83904K, reserved 1179648K
  class space    used 8022K, committed 9024K, reserved 1048576K
}
Event: 174065.545 GC heap after
{Heap after GC invocations=4076 (full 8):
 PSYoungGen      total 7168K, used 1024K [0x00000000d5580000, 0x00000000d5e80000, 0x0000000100000000)
  eden space 6144K, 0% used [0x00000000d5580000,0x00000000d5580000,0x00000000d5b80000)
  from space 1024K, 100% used [0x00000000d5d00000,0x00000000d5e00000,0x00000000d5e00000)
  to   space 512K, 0% used [0x00000000d5e00000,0x00000000d5e00000,0x00000000d5e80000)
 ParOldGen       total 438272K, used 438105K [0x0000000080000000, 0x000000009ac00000, 0x00000000d5580000)
  object space 438272K, 99% used [0x0000000080000000,0x000000009abd65f0,0x000000009ac00000)
 Metaspace       used 81921K, committed 83904K, reserved 1179648K
  class space    used 8022K, committed 9024K, reserved 1048576K
}
Event: 174065.554 GC heap before
{Heap before GC invocations=4077 (full 8):
 PSYoungGen      total 7168K, used 7168K [0x00000000d5580000, 0x00000000d5e80000, 0x0000000100000000)
  eden space 6144K, 100% used [0x00000000d5580000,0x00000000d5b80000,0x00000000d5b80000)
  from space 1024K, 100% used [0x00000000d5d00000,0x00000000d5e00000,0x00000000d5e00000)
  to   space 512K, 0% used [0x00000000d5e00000,0x00000000d5e00000,0x00000000d5e80000)
 ParOldGen       total 438272K, used 438105K [0x0000000080000000, 0x000000009ac00000, 0x00000000d5580000)
  object space 438272K, 99% used [0x0000000080000000,0x000000009abd65f0,0x000000009ac00000)
 Metaspace       used 81921K, committed 83904K, reserved 1179648K
  class space    used 8022K, committed 9024K, reserved 1048576K
}
Event: 174065.555 GC heap after
{Heap after GC invocations=4077 (full 8):
 PSYoungGen      total 6656K, used 512K [0x00000000d5580000, 0x00000000d5e80000, 0x0000000100000000)
  eden space 6144K, 0% used [0x00000000d5580000,0x00000000d5580000,0x00000000d5b80000)
  from space 512K, 100% used [0x00000000d5e00000,0x00000000d5e80000,0x00000000d5e80000)
  to   space 1536K, 0% used [0x00000000d5b80000,0x00000000d5b80000,0x00000000d5d00000)
 ParOldGen       total 439296K, used 439006K [0x0000000080000000, 0x000000009ad00000, 0x00000000d5580000)
  object space 439296K, 99% used [0x0000000080000000,0x000000009acb7968,0x000000009ad00000)
 Metaspace       used 81921K, committed 83904K, reserved 1179648K
  class space    used 8022K, committed 9024K, reserved 1048576K
}
Event: 174065.562 GC heap before
{Heap before GC invocations=4078 (full 8):
 PSYoungGen      total 6656K, used 6656K [0x00000000d5580000, 0x00000000d5e80000, 0x0000000100000000)
  eden space 6144K, 100% used [0x00000000d5580000,0x00000000d5b80000,0x00000000d5b80000)
  from space 512K, 100% used [0x00000000d5e00000,0x00000000d5e80000,0x00000000d5e80000)
  to   space 1536K, 0% used [0x00000000d5b80000,0x00000000d5b80000,0x00000000d5d00000)
 ParOldGen       total 439296K, used 439006K [0x0000000080000000, 0x000000009ad00000, 0x00000000d5580000)
  object space 439296K, 99% used [0x0000000080000000,0x000000009acb7968,0x000000009ad00000)
 Metaspace       used 81921K, committed 83904K, reserved 1179648K
  class space    used 8022K, committed 9024K, reserved 1048576K
}
Event: 174065.563 GC heap after
{Heap after GC invocations=4078 (full 8):
 PSYoungGen      total 7680K, used 576K [0x00000000d5580000, 0x00000000d5e80000, 0x0000000100000000)
  eden space 6144K, 0% used [0x00000000d5580000,0x00000000d5580000,0x00000000d5b80000)
  from space 1536K, 37% used [0x00000000d5b80000,0x00000000d5c10020,0x00000000d5d00000)
  to   space 1024K, 0% used [0x00000000d5d80000,0x00000000d5d80000,0x00000000d5e80000)
 ParOldGen       total 439808K, used 439462K [0x0000000080000000, 0x000000009ad80000, 0x00000000d5580000)
  object space 439808K, 99% used [0x0000000080000000,0x000000009ad29998,0x000000009ad80000)
 Metaspace       used 81921K, committed 83904K, reserved 1179648K
  class space    used 8022K, committed 9024K, reserved 1048576K
}
Event: 174065.573 GC heap before
{Heap before GC invocations=4079 (full 8):
 PSYoungGen      total 7680K, used 6720K [0x00000000d5580000, 0x00000000d5e80000, 0x0000000100000000)
  eden space 6144K, 100% used [0x00000000d5580000,0x00000000d5b80000,0x00000000d5b80000)
  from space 1536K, 37% used [0x00000000d5b80000,0x00000000d5c10020,0x00000000d5d00000)
  to   space 1024K, 0% used [0x00000000d5d80000,0x00000000d5d80000,0x00000000d5e80000)
 ParOldGen       total 439808K, used 439462K [0x0000000080000000, 0x000000009ad80000, 0x00000000d5580000)
  object space 439808K, 99% used [0x0000000080000000,0x000000009ad29998,0x000000009ad80000)
 Metaspace       used 81921K, committed 83904K, reserved 1179648K
  class space    used 8022K, committed 9024K, reserved 1048576K
}
Event: 174065.574 GC heap after
{Heap after GC invocations=4079 (full 8):
 PSYoungGen      total 7168K, used 592K [0x00000000d5580000, 0x00000000d5e80000, 0x0000000100000000)
  eden space 6144K, 0% used [0x00000000d5580000,0x00000000d5580000,0x00000000d5b80000)
  from space 1024K, 57% used [0x00000000d5d80000,0x00000000d5e14030,0x00000000d5e80000)
  to   space 1024K, 0% used [0x00000000d5c80000,0x00000000d5c80000,0x00000000d5d80000)
 ParOldGen       total 440320K, used 439902K [0x0000000080000000, 0x000000009ae00000, 0x00000000d5580000)
  object space 440320K, 99% used [0x0000000080000000,0x000000009ad979d8,0x000000009ae00000)
 Metaspace       used 81921K, committed 83904K, reserved 1179648K
  class space    used 8022K, committed 9024K, reserved 1048576K
}
Event: 174065.587 GC heap before
{Heap before GC invocations=4080 (full 8):
 PSYoungGen      total 7168K, used 6736K [0x00000000d5580000, 0x00000000d5e80000, 0x0000000100000000)
  eden space 6144K, 100% used [0x00000000d5580000,0x00000000d5b80000,0x00000000d5b80000)
  from space 1024K, 57% used [0x00000000d5d80000,0x00000000d5e14030,0x00000000d5e80000)
  to   space 1024K, 0% used [0x00000000d5c80000,0x00000000d5c80000,0x00000000d5d80000)
 ParOldGen       total 440320K, used 439902K [0x0000000080000000, 0x000000009ae00000, 0x00000000d5580000)
  object space 440320K, 99% used [0x0000000080000000,0x000000009ad979d8,0x000000009ae00000)
 Metaspace       used 81921K, committed 83904K, reserved 1179648K
  class space    used 8022K, committed 9024K, reserved 1048576K
}
Event: 174065.590 GC heap after
{Heap after GC invocations=4080 (full 8):
 PSYoungGen      total 7168K, used 784K [0x00000000d5580000, 0x00000000d5e00000, 0x0000000100000000)
  eden space 6144K, 0% used [0x00000000d5580000,0x00000000d5580000,0x00000000d5b80000)
  from space 1024K, 76% used [0x00000000d5c80000,0x00000000d5d44010,0x00000000d5d80000)
  to   space 512K, 0% used [0x00000000d5d80000,0x00000000d5d80000,0x00000000d5e00000)
 ParOldGen       total 440832K, used 440334K [0x0000000080000000, 0x000000009ae80000, 0x00000000d5580000)
  object space 440832K, 99% used [0x0000000080000000,0x000000009ae03a18,0x000000009ae80000)
 Metaspace       used 81921K, committed 83904K, reserved 1179648K
  class space    used 8022K, committed 9024K, reserved 1048576K
}
Event: 174065.603 GC heap before
{Heap before GC invocations=4081 (full 8):
 PSYoungGen      total 7168K, used 6928K [0x00000000d5580000, 0x00000000d5e00000, 0x0000000100000000)
  eden space 6144K, 100% used [0x00000000d5580000,0x00000000d5b80000,0x00000000d5b80000)
  from space 1024K, 76% used [0x00000000d5c80000,0x00000000d5d44010,0x00000000d5d80000)
  to   space 512K, 0% used [0x00000000d5d80000,0x00000000d5d80000,0x00000000d5e00000)
 ParOldGen       total 440832K, used 440334K [0x0000000080000000, 0x000000009ae80000, 0x00000000d5580000)
  object space 440832K, 99% used [0x0000000080000000,0x000000009ae03a18,0x000000009ae80000)
 Metaspace       used 81921K, committed 83904K, reserved 1179648K
  class space    used 8022K, committed 9024K, reserved 1048576K
}
Event: 174065.604 GC heap after
{Heap after GC invocations=4081 (full 8):
 PSYoungGen      total 6656K, used 490K [0x00000000d5580000, 0x00000000d5e80000, 0x0000000100000000)
  eden space 6144K, 0% used [0x00000000d5580000,0x00000000d5580000,0x00000000d5b80000)
  from space 512K, 95% used [0x00000000d5d80000,0x00000000d5dfa910,0x00000000d5e00000)
  to   space 1536K, 0% used [0x00000000d5b80000,0x00000000d5b80000,0x00000000d5d00000)
 ParOldGen       total 441344K, used 441214K [0x0000000080000000, 0x000000009af00000, 0x00000000d5580000)
  object space 441344K, 99% used [0x0000000080000000,0x000000009aedfa48,0x000000009af00000)
 Metaspace       used 81921K, committed 83904K, reserved 1179648K
  class space    used 8022K, committed 9024K, reserved 1048576K
}
Event: 174065.617 GC heap before
{Heap before GC invocations=4082 (full 8):
 PSYoungGen      total 6656K, used 6634K [0x00000000d5580000, 0x00000000d5e80000, 0x0000000100000000)
  eden space 6144K, 100% used [0x00000000d5580000,0x00000000d5b80000,0x00000000d5b80000)
  from space 512K, 95% used [0x00000000d5d80000,0x00000000d5dfa910,0x00000000d5e00000)
  to   space 1536K, 0% used [0x00000000d5b80000,0x00000000d5b80000,0x00000000d5d00000)
 ParOldGen       total 441344K, used 441214K [0x0000000080000000, 0x000000009af00000, 0x00000000d5580000)
  object space 441344K, 99% used [0x0000000080000000,0x000000009aedfa48,0x000000009af00000)
 Metaspace       used 81921K, committed 83904K, reserved 1179648K
  class space    used 8022K, committed 9024K, reserved 1048576K
}
Event: 174065.619 GC heap after
{Heap after GC invocations=4082 (full 8):
 PSYoungGen      total 7680K, used 1520K [0x00000000d5580000, 0x00000000d6280000, 0x0000000100000000)
  eden space 6144K, 0% used [0x00000000d5580000,0x00000000d5580000,0x00000000d5b80000)
  from space 1536K, 99% used [0x00000000d5b80000,0x00000000d5cfc310,0x00000000d5d00000)
  to   space 3584K, 0% used [0x00000000d5f00000,0x00000000d5f00000,0x00000000d6280000)
 ParOldGen       total 442880K, used 442499K [0x0000000080000000, 0x000000009b080000, 0x00000000d5580000)
  object space 442880K, 99% used [0x0000000080000000,0x000000009b020c88,0x000000009b080000)
 Metaspace       used 81921K, committed 83904K, reserved 1179648K
  class space    used 8022K, committed 9024K, reserved 1048576K
}

