# JRE version: Java(TM) SE Runtime Environment (17.0.12+8) (build 17.0.12+8-LTS-286)
# Java VM: Java HotSpot(TM) 64-Bit Server VM (17.0.12+8-LTS-286, mixed mode, emulated-client, sharing, tiered, compressed oops, compressed class ptrs, g1 gc, windows-amd64)
GC Precious Log:
 CPUs: 8 total, 8 available
 Memory: 7834M
 Large Page Support: Disabled
 NUMA Support: Disabled
 Compressed Oops: Enabled (32-bit)
 Heap Region Size: 1M
 Heap Min Capacity: 8M
 Heap Initial Capacity: 124M
 Heap Max Capacity: 1960M
 Pre-touch: Disabled
 Parallel Workers: 8
 Concurrent Workers: 2
 Concurrent Refinement Workers: 8
 Periodic GC: Disabled
Heap:
 garbage-first heap   total 95232K, used 65219K [0x0000000085800000, 0x0000000100000000)
  region size 1024K, 27 young (27648K), 2 survivors (2048K)
 Metaspace       used 56892K, committed 57600K, reserved 1114112K
  class space    used 8223K, committed 8576K, reserved 1048576K
GC Heap History (20 events):
Event: 13.288 GC heap before
{Heap before GC invocations=5 (full 0):
 garbage-first heap   total 65536K, used 51557K [0x0000000085800000, 0x0000000100000000)
  region size 1024K, 38 young (38912K), 4 survivors (4096K)
 Metaspace       used 23282K, committed 23680K, reserved 1114112K
  class space    used 3153K, committed 3328K, reserved 1048576K
}
Event: 13.294 GC heap after
{Heap after GC invocations=6 (full 0):
 garbage-first heap   total 65536K, used 20235K [0x0000000085800000, 0x0000000100000000)
  region size 1024K, 5 young (5120K), 5 survivors (5120K)
 Metaspace       used 23282K, committed 23680K, reserved 1114112K
  class space    used 3153K, committed 3328K, reserved 1048576K
}
Event: 13.670 GC heap before
{Heap before GC invocations=6 (full 0):
 garbage-first heap   total 65536K, used 44811K [0x0000000085800000, 0x0000000100000000)
  region size 1024K, 29 young (29696K), 5 survivors (5120K)
 Metaspace       used 25508K, committed 25920K, reserved 1114112K
  class space    used 3506K, committed 3712K, reserved 1048576K
}
Event: 13.676 GC heap after
{Heap after GC invocations=7 (full 0):
 garbage-first heap   total 65536K, used 21457K [0x0000000085800000, 0x0000000100000000)
  region size 1024K, 3 young (3072K), 3 survivors (3072K)
 Metaspace       used 25508K, committed 25920K, reserved 1114112K
  class space    used 3506K, committed 3712K, reserved 1048576K
}
Event: 14.075 GC heap before
{Heap before GC invocations=7 (full 0):
 garbage-first heap   total 65536K, used 46033K [0x0000000085800000, 0x0000000100000000)
  region size 1024K, 28 young (28672K), 3 survivors (3072K)
 Metaspace       used 29103K, committed 29504K, reserved 1114112K
  class space    used 4029K, committed 4224K, reserved 1048576K
}
Event: 14.082 GC heap after
{Heap after GC invocations=8 (full 0):
 garbage-first heap   total 65536K, used 23237K [0x0000000085800000, 0x0000000100000000)
  region size 1024K, 4 young (4096K), 4 survivors (4096K)
 Metaspace       used 29103K, committed 29504K, reserved 1114112K
  class space    used 4029K, committed 4224K, reserved 1048576K
}
Event: 14.454 GC heap before
{Heap before GC invocations=8 (full 0):
 garbage-first heap   total 65536K, used 49861K [0x0000000085800000, 0x0000000100000000)
  region size 1024K, 29 young (29696K), 4 survivors (4096K)
 Metaspace       used 31981K, committed 32448K, reserved 1114112K
  class space    used 4422K, committed 4608K, reserved 1048576K
}
Event: 14.464 GC heap after
{Heap after GC invocations=9 (full 0):
 garbage-first heap   total 78848K, used 25111K [0x0000000085800000, 0x0000000100000000)
  region size 1024K, 2 young (2048K), 2 survivors (2048K)
 Metaspace       used 31981K, committed 32448K, reserved 1114112K
  class space    used 4422K, committed 4608K, reserved 1048576K
}
Event: 15.096 GC heap before
{Heap before GC invocations=9 (full 0):
 garbage-first heap   total 78848K, used 56855K [0x0000000085800000, 0x0000000100000000)
  region size 1024K, 34 young (34816K), 2 survivors (2048K)
 Metaspace       used 35698K, committed 36160K, reserved 1114112K
  class space    used 4998K, committed 5248K, reserved 1048576K
}
Event: 15.102 GC heap after
{Heap after GC invocations=10 (full 0):
 garbage-first heap   total 78848K, used 26364K [0x0000000085800000, 0x0000000100000000)
  region size 1024K, 4 young (4096K), 4 survivors (4096K)
 Metaspace       used 35698K, committed 36160K, reserved 1114112K
  class space    used 4998K, committed 5248K, reserved 1048576K
}
Event: 15.540 GC heap before
{Heap before GC invocations=11 (full 0):
 garbage-first heap   total 78848K, used 59132K [0x0000000085800000, 0x0000000100000000)
  region size 1024K, 37 young (37888K), 4 survivors (4096K)
 Metaspace       used 39192K, committed 39744K, reserved 1114112K
  class space    used 5547K, committed 5824K, reserved 1048576K
}
Event: 15.550 GC heap after
{Heap after GC invocations=12 (full 0):
 garbage-first heap   total 78848K, used 31091K [0x0000000085800000, 0x0000000100000000)
  region size 1024K, 5 young (5120K), 5 survivors (5120K)
 Metaspace       used 39192K, committed 39744K, reserved 1114112K
  class space    used 5547K, committed 5824K, reserved 1048576K
}
Event: 16.238 GC heap before
{Heap before GC invocations=12 (full 0):
 garbage-first heap   total 78848K, used 59763K [0x0000000085800000, 0x0000000100000000)
  region size 1024K, 33 young (33792K), 5 survivors (5120K)
 Metaspace       used 44045K, committed 44544K, reserved 1114112K
  class space    used 6351K, committed 6592K, reserved 1048576K
}
Event: 16.242 GC heap after
{Heap after GC invocations=13 (full 0):
 garbage-first heap   total 78848K, used 34283K [0x0000000085800000, 0x0000000100000000)
  region size 1024K, 3 young (3072K), 3 survivors (3072K)
 Metaspace       used 44045K, committed 44544K, reserved 1114112K
  class space    used 6351K, committed 6592K, reserved 1048576K
}
Event: 17.100 GC heap before
{Heap before GC invocations=13 (full 0):
 garbage-first heap   total 78848K, used 60907K [0x0000000085800000, 0x0000000100000000)
  region size 1024K, 29 young (29696K), 3 survivors (3072K)
 Metaspace       used 47628K, committed 48128K, reserved 1114112K
  class space    used 6917K, committed 7168K, reserved 1048576K
}
Event: 17.104 GC heap after
{Heap after GC invocations=14 (full 0):
 garbage-first heap   total 78848K, used 37096K [0x0000000085800000, 0x0000000100000000)
  region size 1024K, 3 young (3072K), 3 survivors (3072K)
 Metaspace       used 47628K, committed 48128K, reserved 1114112K
  class space    used 6917K, committed 7168K, reserved 1048576K
}
Event: 17.517 GC heap before
{Heap before GC invocations=14 (full 0):
 garbage-first heap   total 78848K, used 60648K [0x0000000085800000, 0x0000000100000000)
  region size 1024K, 26 young (26624K), 3 survivors (3072K)
 Metaspace       used 51497K, committed 52032K, reserved 1114112K
  class space    used 7442K, committed 7680K, reserved 1048576K
}
Event: 17.523 GC heap after
{Heap after GC invocations=15 (full 0):
 garbage-first heap   total 78848K, used 40150K [0x0000000085800000, 0x0000000100000000)
  region size 1024K, 4 young (4096K), 4 survivors (4096K)
 Metaspace       used 51497K, committed 52032K, reserved 1114112K
  class space    used 7442K, committed 7680K, reserved 1048576K
}
Event: 33.673 GC heap before
{Heap before GC invocations=15 (full 0):
 garbage-first heap   total 78848K, used 60630K [0x0000000085800000, 0x0000000100000000)
  region size 1024K, 24 young (24576K), 4 survivors (4096K)
 Metaspace       used 55666K, committed 56320K, reserved 1114112K
  class space    used 8022K, committed 8320K, reserved 1048576K
}
Event: 33.678 GC heap after
{Heap after GC invocations=16 (full 0):
 garbage-first heap   total 95232K, used 41667K [0x0000000085800000, 0x0000000100000000)
  region size 1024K, 2 young (2048K), 2 survivors (2048K)
 Metaspace       used 55666K, committed 56320K, reserved 1114112K
  class space    used 8022K, committed 8320K, reserved 1048576K
}

